[21:33:40] [ServerMain/INFO]: Environment: authHost='https://authserver.mojang.com', accountsHost='https://api.mojang.com', sessionHost='https://sessionserver.mojang.com', servicesHost='https://api.minecraftservices.com', name='PROD'
[21:33:50] [ServerMain/INFO]: Loaded 7 recipes
[21:33:51] [ServerMain/INFO]: Loaded 1271 advancements
[21:33:52] [Server thread/INFO]: Starting minecraft server version 1.20.1
[21:33:52] [Server thread/INFO]: Loading properties
[21:33:52] [Server thread/INFO]: Default game type: SURVIVAL
[21:33:52] [Server thread/INFO]: Generating keypair
[21:33:53] [Server thread/INFO]: Starting Minecraft server on *:25565
[21:33:53] [Server thread/INFO]: Using epoll channel type
[21:33:54] [Server thread/INFO]: Preparing level "world"
[21:34:02] [Server thread/INFO]: Preparing start region for dimension minecraft:overworld
[21:34:17] [Worker-Main-3/INFO]: Preparing spawn area: 0%
[21:34:18] [Worker-Main-1/INFO]: Preparing spawn area: 0%
[21:34:18] [Worker-Main-2/INFO]: Preparing spawn area: 0%
[21:34:18] [Worker-Main-3/INFO]: Preparing spawn area: 0%
[21:34:18] [Worker-Main-1/INFO]: Preparing spawn area: 0%
[21:34:18] [Worker-Main-1/INFO]: Preparing spawn area: 0%
[21:34:18] [Worker-Main-1/INFO]: Preparing spawn area: 0%
[21:34:18] [Worker-Main-1/INFO]: Preparing spawn area: 0%
[21:34:18] [Worker-Main-1/INFO]: Preparing spawn area: 0%
[21:34:18] [Worker-Main-2/INFO]: Preparing spawn area: 0%
[21:34:18] [Worker-Main-2/INFO]: Preparing spawn area: 0%
[21:34:18] [Worker-Main-2/INFO]: Preparing spawn area: 0%
[21:34:18] [Worker-Main-1/INFO]: Preparing spawn area: 0%
[21:34:18] [Worker-Main-2/INFO]: Preparing spawn area: 0%
[21:34:18] [Worker-Main-2/INFO]: Preparing spawn area: 0%
[21:34:18] [Worker-Main-1/INFO]: Preparing spawn area: 0%
[21:34:18] [Worker-Main-1/INFO]: Preparing spawn area: 0%
[21:34:18] [Worker-Main-1/INFO]: Preparing spawn area: 0%
[21:34:18] [Worker-Main-1/INFO]: Preparing spawn area: 0%
[21:34:18] [Worker-Main-1/INFO]: Preparing spawn area: 0%
[21:34:18] [Worker-Main-1/INFO]: Preparing spawn area: 0%
[21:34:18] [Worker-Main-3/INFO]: Preparing spawn area: 0%
[21:34:18] [Worker-Main-3/INFO]: Preparing spawn area: 0%
[21:34:18] [Worker-Main-3/INFO]: Preparing spawn area: 0%
[21:34:18] [Worker-Main-3/INFO]: Preparing spawn area: 0%
[21:34:18] [Worker-Main-2/INFO]: Preparing spawn area: 0%
[21:34:18] [Worker-Main-2/INFO]: Preparing spawn area: 0%
[21:34:18] [Worker-Main-2/INFO]: Preparing spawn area: 0%
[21:34:18] [Worker-Main-1/INFO]: Preparing spawn area: 0%
[21:34:18] [Worker-Main-1/INFO]: Preparing spawn area: 0%
[21:34:18] [Worker-Main-3/INFO]: Preparing spawn area: 0%
[21:34:18] [Worker-Main-3/INFO]: Preparing spawn area: 0%
[21:34:18] [Worker-Main-2/INFO]: Preparing spawn area: 0%
[21:34:19] [Worker-Main-3/INFO]: Preparing spawn area: 0%
[21:34:19] [Worker-Main-1/INFO]: Preparing spawn area: 0%
[21:34:20] [Worker-Main-1/INFO]: Preparing spawn area: 4%
[21:34:20] [Worker-Main-1/INFO]: Preparing spawn area: 12%
[21:34:21] [Worker-Main-3/INFO]: Preparing spawn area: 23%
[21:34:21] [Worker-Main-1/INFO]: Preparing spawn area: 31%
[21:34:22] [Worker-Main-1/INFO]: Preparing spawn area: 43%
[21:34:22] [Worker-Main-2/INFO]: Preparing spawn area: 62%
[21:34:23] [Worker-Main-3/INFO]: Preparing spawn area: 83%
[21:34:23] [Worker-Main-1/INFO]: Preparing spawn area: 94%
[21:34:23] [Server thread/INFO]: Time elapsed: 21092 ms
[21:34:23] [Server thread/INFO]: Done (29.348s)! For help, type "help"
[21:34:23] [Server thread/INFO]: Stopping the server
[21:34:23] [Server thread/INFO]: Stopping server
[21:34:23] [Server thread/INFO]: Saving players
[21:34:23] [Server thread/INFO]: Saving worlds
[21:34:34] [Server thread/INFO]: Saving chunks for level 'ServerLevel[world]'/minecraft:overworld
[21:34:48] [Server thread/INFO]: Saving chunks for level 'ServerLevel[world]'/minecraft:the_nether
[21:34:48] [Server thread/INFO]: Saving chunks for level 'ServerLevel[world]'/minecraft:the_end
[21:34:48] [Server thread/INFO]: ThreadedAnvilChunkStorage (world): All chunks are saved
[21:34:48] [Server thread/INFO]: ThreadedAnvilChunkStorage (DIM-1): All chunks are saved
[21:34:48] [Server thread/INFO]: ThreadedAnvilChunkStorage (DIM1): All chunks are saved
[21:34:48] [Server thread/INFO]: ThreadedAnvilChunkStorage: All dimensions are saved
